<?xml version="1.0" encoding="UTF-8"?>
<!-- Generated by org.testng.reporters.JUnitXMLReporter -->
<testsuite hostname="DESKTOP-80IG88L" ignored="0" name="Surefire test" tests="4" failures="0" timestamp="2021-11-23T16:35:34 IST" time="0.092" errors="0">
  <testcase name="CloseApp" time="0.01" classname="Finacle.AppiumTest"/>
  <testcase name="OpenApp" time="0.0" classname="Finacle.AppiumTest"/>
  <testcase name="BrowserAutomation" time="0.001" classname="Finacle.SeleniumTest"/>
  <testcase name="CloseAutomation" time="0.0" classname="Finacle.SeleniumTest"/>
</testsuite> <!-- Surefire test -->
